c:\users\mcnow\desktop\sextractor\src\sextractor.dir\debug\vc140.pdb
c:\users\mcnow\desktop\sextractor\src\sextractor.dir\debug\interpolate.obj
c:\users\mcnow\desktop\sextractor\src\sextractor.dir\debug\image.obj
c:\users\mcnow\desktop\sextractor\src\sextractor.dir\debug\growth.obj
c:\users\mcnow\desktop\sextractor\src\sextractor.dir\debug\graph.obj
c:\users\mcnow\desktop\sextractor\src\sextractor.dir\debug\flag.obj
c:\users\mcnow\desktop\sextractor\src\sextractor.dir\debug\fitswcs.obj
c:\users\mcnow\desktop\sextractor\src\sextractor.dir\debug\filter.obj
c:\users\mcnow\desktop\sextractor\src\sextractor.dir\debug\field.obj
c:\users\mcnow\desktop\sextractor\src\sextractor.dir\debug\extract.obj
c:\users\mcnow\desktop\sextractor\src\sextractor.dir\debug\clean.obj
c:\users\mcnow\desktop\sextractor\src\sextractor.dir\debug\check.obj
c:\users\mcnow\desktop\sextractor\src\sextractor.dir\debug\catout.obj
c:\users\mcnow\desktop\sextractor\src\sextractor.dir\debug\bpro.obj
c:\users\mcnow\desktop\sextractor\src\sextractor.dir\debug\back.obj
c:\users\mcnow\desktop\sextractor\src\sextractor.dir\debug\astrom.obj
c:\users\mcnow\desktop\sextractor\src\sextractor.dir\debug\assoc.obj
c:\users\mcnow\desktop\sextractor\src\sextractor.dir\debug\analyse.obj
c:\users\mcnow\desktop\sextractor\src\sextractor.dir\debug\win-gettimeofday.obj
c:\users\mcnow\desktop\sextractor\src\sextractor.dir\debug\header.obj
c:\users\mcnow\desktop\sextractor\src\sextractor.dir\debug\xml.obj
c:\users\mcnow\desktop\sextractor\src\sextractor.dir\debug\winpos.obj
c:\users\mcnow\desktop\sextractor\src\sextractor.dir\debug\weight.obj
c:\users\mcnow\desktop\sextractor\src\sextractor.dir\debug\som.obj
c:\users\mcnow\desktop\sextractor\src\sextractor.dir\debug\scan.obj
c:\users\mcnow\desktop\sextractor\src\sextractor.dir\debug\retina.obj
c:\users\mcnow\desktop\sextractor\src\sextractor.dir\debug\refine.obj
c:\users\mcnow\desktop\sextractor\src\sextractor.dir\debug\readimage.obj
c:\users\mcnow\desktop\sextractor\src\sextractor.dir\debug\psf.obj
c:\users\mcnow\desktop\sextractor\src\sextractor.dir\debug\profit.obj
c:\users\mcnow\desktop\sextractor\src\sextractor.dir\debug\prefs.obj
c:\users\mcnow\desktop\sextractor\src\sextractor.dir\debug\plist.obj
c:\users\mcnow\desktop\sextractor\src\sextractor.dir\debug\photom.obj
c:\users\mcnow\desktop\sextractor\src\sextractor.dir\debug\pc.obj
c:\users\mcnow\desktop\sextractor\src\sextractor.dir\debug\neurro.obj
c:\users\mcnow\desktop\sextractor\src\sextractor.dir\debug\misc.obj
c:\users\mcnow\desktop\sextractor\src\sextractor.dir\debug\manobjlist.obj
c:\users\mcnow\desktop\sextractor\src\sextractor.dir\debug\makeit.obj
c:\users\mcnow\desktop\sextractor\src\sextractor.dir\debug\main.obj
c:\users\mcnow\desktop\sextractor\src\sextractor.dir\debug\pattern.obj
c:\users\mcnow\desktop\sextractor\src\sextractor.dir\debug\fft.obj
c:\users\mcnow\desktop\sextractor\src\debug\sextractor.ilk
c:\users\mcnow\desktop\sextractor\src\debug\sextractor.exe
c:\users\mcnow\desktop\sextractor\src\debug\sextractor.pdb
c:\users\mcnow\desktop\sextractor\src\sextractor.dir\debug\sextractor.vcxprojresolveassemblyreference.cache
c:\users\mcnow\desktop\sextractor\\src\debug\sextractor.pdb
c:\users\mcnow\desktop\sextractor\\src\debug\sextractor.exe
c:\users\mcnow\desktop\sextractor\\src\debug\sextractor.ilk
c:\users\mcnow\desktop\sextractor\src\sextractor.dir\debug\sextractor.tlog\cl.command.1.tlog
c:\users\mcnow\desktop\sextractor\src\sextractor.dir\debug\sextractor.tlog\cl.read.1.tlog
c:\users\mcnow\desktop\sextractor\src\sextractor.dir\debug\sextractor.tlog\cl.write.1.tlog
c:\users\mcnow\desktop\sextractor\src\sextractor.dir\debug\sextractor.tlog\link.command.1.tlog
c:\users\mcnow\desktop\sextractor\src\sextractor.dir\debug\sextractor.tlog\link.read.1.tlog
c:\users\mcnow\desktop\sextractor\src\sextractor.dir\debug\sextractor.tlog\link.write.1.tlog
