c:\users\mcnow\desktop\sextractor\src\fits\fits.dir\debug\fits.pdb
c:\users\mcnow\desktop\sextractor\src\fits\fits.dir\debug\fitswrite.obj
c:\users\mcnow\desktop\sextractor\src\fits\fits.dir\debug\fitsutil.obj
c:\users\mcnow\desktop\sextractor\src\fits\fits.dir\debug\fitstab.obj
c:\users\mcnow\desktop\sextractor\src\fits\fits.dir\debug\fitsread.obj
c:\users\mcnow\desktop\sextractor\src\fits\fits.dir\debug\fitsmisc.obj
c:\users\mcnow\desktop\sextractor\src\fits\fits.dir\debug\fitskey.obj
c:\users\mcnow\desktop\sextractor\src\fits\fits.dir\debug\fitshead.obj
c:\users\mcnow\desktop\sextractor\src\fits\fits.dir\debug\fitsconv.obj
c:\users\mcnow\desktop\sextractor\src\fits\fits.dir\debug\fitscleanup.obj
c:\users\mcnow\desktop\sextractor\src\fits\fits.dir\debug\fitscheck.obj
c:\users\mcnow\desktop\sextractor\src\fits\fits.dir\debug\fitscat.obj
c:\users\mcnow\desktop\sextractor\src\fits\fits.dir\debug\fitsbody.obj
c:\users\mcnow\desktop\sextractor\src\fits\debug\fits.lib
c:\users\mcnow\desktop\sextractor\\src\fits\debug\fits.pdb
c:\users\mcnow\desktop\sextractor\\src\fits\debug\fits.lib
c:\users\mcnow\desktop\sextractor\src\fits\fits.dir\debug\fits.tlog\cl.command.1.tlog
c:\users\mcnow\desktop\sextractor\src\fits\fits.dir\debug\fits.tlog\cl.read.1.tlog
c:\users\mcnow\desktop\sextractor\src\fits\fits.dir\debug\fits.tlog\cl.write.1.tlog
c:\users\mcnow\desktop\sextractor\src\fits\fits.dir\debug\fits.tlog\lib-link.read.1.tlog
c:\users\mcnow\desktop\sextractor\src\fits\fits.dir\debug\fits.tlog\lib-link.write.1.tlog
c:\users\mcnow\desktop\sextractor\src\fits\fits.dir\debug\fits.tlog\lib.command.1.tlog
