c:\users\mcnow\desktop\sextractor\src\fits\fits.dir\relwithdebinfo\fits.pdb
c:\users\mcnow\desktop\sextractor\src\fits\fits.dir\relwithdebinfo\fitswrite.obj
c:\users\mcnow\desktop\sextractor\src\fits\fits.dir\relwithdebinfo\fitsutil.obj
c:\users\mcnow\desktop\sextractor\src\fits\fits.dir\relwithdebinfo\fitstab.obj
c:\users\mcnow\desktop\sextractor\src\fits\fits.dir\relwithdebinfo\fitsread.obj
c:\users\mcnow\desktop\sextractor\src\fits\fits.dir\relwithdebinfo\fitsmisc.obj
c:\users\mcnow\desktop\sextractor\src\fits\fits.dir\relwithdebinfo\fitskey.obj
c:\users\mcnow\desktop\sextractor\src\fits\fits.dir\relwithdebinfo\fitshead.obj
c:\users\mcnow\desktop\sextractor\src\fits\fits.dir\relwithdebinfo\fitsconv.obj
c:\users\mcnow\desktop\sextractor\src\fits\fits.dir\relwithdebinfo\fitscleanup.obj
c:\users\mcnow\desktop\sextractor\src\fits\fits.dir\relwithdebinfo\fitscheck.obj
c:\users\mcnow\desktop\sextractor\src\fits\fits.dir\relwithdebinfo\fitscat.obj
c:\users\mcnow\desktop\sextractor\src\fits\fits.dir\relwithdebinfo\fitsbody.obj
c:\users\mcnow\desktop\sextractor\src\fits\relwithdebinfo\fits.lib
c:\users\mcnow\desktop\sextractor\\src\fits\relwithdebinfo\fits.lib
c:\users\mcnow\desktop\sextractor\src\fits\fits.dir\relwithdebinfo\fits.tlog\cl.command.1.tlog
c:\users\mcnow\desktop\sextractor\src\fits\fits.dir\relwithdebinfo\fits.tlog\cl.read.1.tlog
c:\users\mcnow\desktop\sextractor\src\fits\fits.dir\relwithdebinfo\fits.tlog\cl.write.1.tlog
c:\users\mcnow\desktop\sextractor\src\fits\fits.dir\relwithdebinfo\fits.tlog\lib-link.read.1.tlog
c:\users\mcnow\desktop\sextractor\src\fits\fits.dir\relwithdebinfo\fits.tlog\lib-link.write.1.tlog
c:\users\mcnow\desktop\sextractor\src\fits\fits.dir\relwithdebinfo\fits.tlog\lib.command.1.tlog
