c:\users\mcnow\desktop\sextractor\src\sextractor.dir\minsizerel\interpolate.obj
c:\users\mcnow\desktop\sextractor\src\sextractor.dir\minsizerel\image.obj
c:\users\mcnow\desktop\sextractor\src\sextractor.dir\minsizerel\growth.obj
c:\users\mcnow\desktop\sextractor\src\sextractor.dir\minsizerel\graph.obj
c:\users\mcnow\desktop\sextractor\src\sextractor.dir\minsizerel\flag.obj
c:\users\mcnow\desktop\sextractor\src\sextractor.dir\minsizerel\fitswcs.obj
c:\users\mcnow\desktop\sextractor\src\sextractor.dir\minsizerel\filter.obj
c:\users\mcnow\desktop\sextractor\src\sextractor.dir\minsizerel\field.obj
c:\users\mcnow\desktop\sextractor\src\sextractor.dir\minsizerel\fft.obj
c:\users\mcnow\desktop\sextractor\src\sextractor.dir\minsizerel\extract.obj
c:\users\mcnow\desktop\sextractor\src\sextractor.dir\minsizerel\clean.obj
c:\users\mcnow\desktop\sextractor\src\sextractor.dir\minsizerel\check.obj
c:\users\mcnow\desktop\sextractor\src\sextractor.dir\minsizerel\catout.obj
c:\users\mcnow\desktop\sextractor\src\sextractor.dir\minsizerel\bpro.obj
c:\users\mcnow\desktop\sextractor\src\sextractor.dir\minsizerel\back.obj
c:\users\mcnow\desktop\sextractor\src\sextractor.dir\minsizerel\astrom.obj
c:\users\mcnow\desktop\sextractor\src\sextractor.dir\minsizerel\assoc.obj
c:\users\mcnow\desktop\sextractor\src\sextractor.dir\minsizerel\analyse.obj
c:\users\mcnow\desktop\sextractor\src\sextractor.dir\minsizerel\win-gettimeofday.obj
c:\users\mcnow\desktop\sextractor\src\sextractor.dir\minsizerel\header.obj
c:\users\mcnow\desktop\sextractor\src\sextractor.dir\minsizerel\xml.obj
c:\users\mcnow\desktop\sextractor\src\sextractor.dir\minsizerel\winpos.obj
c:\users\mcnow\desktop\sextractor\src\sextractor.dir\minsizerel\weight.obj
c:\users\mcnow\desktop\sextractor\src\sextractor.dir\minsizerel\som.obj
c:\users\mcnow\desktop\sextractor\src\sextractor.dir\minsizerel\scan.obj
c:\users\mcnow\desktop\sextractor\src\sextractor.dir\minsizerel\retina.obj
c:\users\mcnow\desktop\sextractor\src\sextractor.dir\minsizerel\refine.obj
c:\users\mcnow\desktop\sextractor\src\sextractor.dir\minsizerel\readimage.obj
c:\users\mcnow\desktop\sextractor\src\sextractor.dir\minsizerel\psf.obj
c:\users\mcnow\desktop\sextractor\src\sextractor.dir\minsizerel\profit.obj
c:\users\mcnow\desktop\sextractor\src\sextractor.dir\minsizerel\prefs.obj
c:\users\mcnow\desktop\sextractor\src\sextractor.dir\minsizerel\plist.obj
c:\users\mcnow\desktop\sextractor\src\sextractor.dir\minsizerel\photom.obj
c:\users\mcnow\desktop\sextractor\src\sextractor.dir\minsizerel\pc.obj
c:\users\mcnow\desktop\sextractor\src\sextractor.dir\minsizerel\pattern.obj
c:\users\mcnow\desktop\sextractor\src\sextractor.dir\minsizerel\neurro.obj
c:\users\mcnow\desktop\sextractor\src\sextractor.dir\minsizerel\misc.obj
c:\users\mcnow\desktop\sextractor\src\sextractor.dir\minsizerel\manobjlist.obj
c:\users\mcnow\desktop\sextractor\src\sextractor.dir\minsizerel\makeit.obj
c:\users\mcnow\desktop\sextractor\src\sextractor.dir\minsizerel\main.obj
c:\users\mcnow\desktop\sextractor\src\minsizerel\sextractor.exe
c:\users\mcnow\desktop\sextractor\src\sextractor.dir\minsizerel\sextractor.vcxprojresolveassemblyreference.cache
c:\users\mcnow\desktop\sextractor\\src\minsizerel\sextractor.exe
c:\users\mcnow\desktop\sextractor\src\sextractor.dir\minsizerel\sextractor.tlog\cl.command.1.tlog
c:\users\mcnow\desktop\sextractor\src\sextractor.dir\minsizerel\sextractor.tlog\cl.read.1.tlog
c:\users\mcnow\desktop\sextractor\src\sextractor.dir\minsizerel\sextractor.tlog\cl.write.1.tlog
c:\users\mcnow\desktop\sextractor\src\sextractor.dir\minsizerel\sextractor.tlog\link.command.1.tlog
c:\users\mcnow\desktop\sextractor\src\sextractor.dir\minsizerel\sextractor.tlog\link.read.1.tlog
c:\users\mcnow\desktop\sextractor\src\sextractor.dir\minsizerel\sextractor.tlog\link.write.1.tlog
