c:\users\mcnow\desktop\sextractor\src\fits\fits.dir\minsizerel\fitswrite.obj
c:\users\mcnow\desktop\sextractor\src\fits\fits.dir\minsizerel\fitsutil.obj
c:\users\mcnow\desktop\sextractor\src\fits\fits.dir\minsizerel\fitstab.obj
c:\users\mcnow\desktop\sextractor\src\fits\fits.dir\minsizerel\fitsread.obj
c:\users\mcnow\desktop\sextractor\src\fits\fits.dir\minsizerel\fitsmisc.obj
c:\users\mcnow\desktop\sextractor\src\fits\fits.dir\minsizerel\fitskey.obj
c:\users\mcnow\desktop\sextractor\src\fits\fits.dir\minsizerel\fitshead.obj
c:\users\mcnow\desktop\sextractor\src\fits\fits.dir\minsizerel\fitsconv.obj
c:\users\mcnow\desktop\sextractor\src\fits\fits.dir\minsizerel\fitscleanup.obj
c:\users\mcnow\desktop\sextractor\src\fits\fits.dir\minsizerel\fitscheck.obj
c:\users\mcnow\desktop\sextractor\src\fits\fits.dir\minsizerel\fitscat.obj
c:\users\mcnow\desktop\sextractor\src\fits\fits.dir\minsizerel\fitsbody.obj
c:\users\mcnow\desktop\sextractor\src\fits\minsizerel\fits.lib
c:\users\mcnow\desktop\sextractor\\src\fits\minsizerel\fits.lib
c:\users\mcnow\desktop\sextractor\src\fits\fits.dir\minsizerel\fits.tlog\cl.command.1.tlog
c:\users\mcnow\desktop\sextractor\src\fits\fits.dir\minsizerel\fits.tlog\cl.read.1.tlog
c:\users\mcnow\desktop\sextractor\src\fits\fits.dir\minsizerel\fits.tlog\cl.write.1.tlog
c:\users\mcnow\desktop\sextractor\src\fits\fits.dir\minsizerel\fits.tlog\lib-link.read.1.tlog
c:\users\mcnow\desktop\sextractor\src\fits\fits.dir\minsizerel\fits.tlog\lib-link.write.1.tlog
c:\users\mcnow\desktop\sextractor\src\fits\fits.dir\minsizerel\fits.tlog\lib.command.1.tlog
