c:\users\mcnow\desktop\sextractor\src\sextractor.dir\relwithdebinfo\vc140.pdb
c:\users\mcnow\desktop\sextractor\src\sextractor.dir\relwithdebinfo\interpolate.obj
c:\users\mcnow\desktop\sextractor\src\sextractor.dir\relwithdebinfo\image.obj
c:\users\mcnow\desktop\sextractor\src\sextractor.dir\relwithdebinfo\growth.obj
c:\users\mcnow\desktop\sextractor\src\sextractor.dir\relwithdebinfo\graph.obj
c:\users\mcnow\desktop\sextractor\src\sextractor.dir\relwithdebinfo\flag.obj
c:\users\mcnow\desktop\sextractor\src\sextractor.dir\relwithdebinfo\fitswcs.obj
c:\users\mcnow\desktop\sextractor\src\sextractor.dir\relwithdebinfo\filter.obj
c:\users\mcnow\desktop\sextractor\src\sextractor.dir\relwithdebinfo\field.obj
c:\users\mcnow\desktop\sextractor\src\sextractor.dir\relwithdebinfo\fft.obj
c:\users\mcnow\desktop\sextractor\src\sextractor.dir\relwithdebinfo\extract.obj
c:\users\mcnow\desktop\sextractor\src\sextractor.dir\relwithdebinfo\clean.obj
c:\users\mcnow\desktop\sextractor\src\sextractor.dir\relwithdebinfo\check.obj
c:\users\mcnow\desktop\sextractor\src\sextractor.dir\relwithdebinfo\catout.obj
c:\users\mcnow\desktop\sextractor\src\sextractor.dir\relwithdebinfo\bpro.obj
c:\users\mcnow\desktop\sextractor\src\sextractor.dir\relwithdebinfo\back.obj
c:\users\mcnow\desktop\sextractor\src\sextractor.dir\relwithdebinfo\astrom.obj
c:\users\mcnow\desktop\sextractor\src\sextractor.dir\relwithdebinfo\assoc.obj
c:\users\mcnow\desktop\sextractor\src\sextractor.dir\relwithdebinfo\analyse.obj
c:\users\mcnow\desktop\sextractor\src\sextractor.dir\relwithdebinfo\win-gettimeofday.obj
c:\users\mcnow\desktop\sextractor\src\sextractor.dir\relwithdebinfo\header.obj
c:\users\mcnow\desktop\sextractor\src\sextractor.dir\relwithdebinfo\xml.obj
c:\users\mcnow\desktop\sextractor\src\sextractor.dir\relwithdebinfo\winpos.obj
c:\users\mcnow\desktop\sextractor\src\sextractor.dir\relwithdebinfo\weight.obj
c:\users\mcnow\desktop\sextractor\src\sextractor.dir\relwithdebinfo\som.obj
c:\users\mcnow\desktop\sextractor\src\sextractor.dir\relwithdebinfo\scan.obj
c:\users\mcnow\desktop\sextractor\src\sextractor.dir\relwithdebinfo\retina.obj
c:\users\mcnow\desktop\sextractor\src\sextractor.dir\relwithdebinfo\refine.obj
c:\users\mcnow\desktop\sextractor\src\sextractor.dir\relwithdebinfo\readimage.obj
c:\users\mcnow\desktop\sextractor\src\sextractor.dir\relwithdebinfo\psf.obj
c:\users\mcnow\desktop\sextractor\src\sextractor.dir\relwithdebinfo\profit.obj
c:\users\mcnow\desktop\sextractor\src\sextractor.dir\relwithdebinfo\prefs.obj
c:\users\mcnow\desktop\sextractor\src\sextractor.dir\relwithdebinfo\plist.obj
c:\users\mcnow\desktop\sextractor\src\sextractor.dir\relwithdebinfo\photom.obj
c:\users\mcnow\desktop\sextractor\src\sextractor.dir\relwithdebinfo\pc.obj
c:\users\mcnow\desktop\sextractor\src\sextractor.dir\relwithdebinfo\pattern.obj
c:\users\mcnow\desktop\sextractor\src\sextractor.dir\relwithdebinfo\neurro.obj
c:\users\mcnow\desktop\sextractor\src\sextractor.dir\relwithdebinfo\misc.obj
c:\users\mcnow\desktop\sextractor\src\sextractor.dir\relwithdebinfo\manobjlist.obj
c:\users\mcnow\desktop\sextractor\src\sextractor.dir\relwithdebinfo\makeit.obj
c:\users\mcnow\desktop\sextractor\src\sextractor.dir\relwithdebinfo\main.obj
c:\users\mcnow\desktop\sextractor\src\relwithdebinfo\sextractor.ilk
c:\users\mcnow\desktop\sextractor\src\relwithdebinfo\sextractor.exe
c:\users\mcnow\desktop\sextractor\src\relwithdebinfo\sextractor.pdb
c:\users\mcnow\desktop\sextractor\src\sextractor.dir\relwithdebinfo\sextractor.vcxprojresolveassemblyreference.cache
c:\users\mcnow\desktop\sextractor\\src\relwithdebinfo\sextractor.pdb
c:\users\mcnow\desktop\sextractor\\src\relwithdebinfo\sextractor.exe
c:\users\mcnow\desktop\sextractor\\src\relwithdebinfo\sextractor.ilk
c:\users\mcnow\desktop\sextractor\src\sextractor.dir\relwithdebinfo\sextractor.tlog\cl.command.1.tlog
c:\users\mcnow\desktop\sextractor\src\sextractor.dir\relwithdebinfo\sextractor.tlog\cl.read.1.tlog
c:\users\mcnow\desktop\sextractor\src\sextractor.dir\relwithdebinfo\sextractor.tlog\cl.write.1.tlog
c:\users\mcnow\desktop\sextractor\src\sextractor.dir\relwithdebinfo\sextractor.tlog\link.command.1.tlog
c:\users\mcnow\desktop\sextractor\src\sextractor.dir\relwithdebinfo\sextractor.tlog\link.read.1.tlog
c:\users\mcnow\desktop\sextractor\src\sextractor.dir\relwithdebinfo\sextractor.tlog\link.write.1.tlog
